
*** Running vivado
    with args -log top_module.vds -m64 -product Vivado -mode batch -messageDb vivado.pb -notrace -source top_module.tcl


ECHO is off.
ECHO is off.

****** Vivado v2023.2 (64-bit)
  **** SW Build 4029153 on Fri Oct 13 20:14:34 MDT 2023
  **** IP Build 4028589 on Sat Oct 14 00:45:43 MDT 2023
  **** SharedData Build 4025554 on Tue Oct 10 17:18:54 MDT 2023
    ** Copyright 1986-2022 Xilinx, Inc. All Rights Reserved.
    ** Copyright 2022-2023 Advanced Micro Devices, Inc. All Rights Reserved.

source top_module.tcl -notrace
create_project: Time (s): cpu = 00:00:03 ; elapsed = 00:00:07 . Memory (MB): peak = 473.082 ; gain = 180.887
Command: read_checkpoint -auto_incremental -incremental {C:/Users/jasmi/ECE327 project 3/ECE327 project 3.srcs/utils_1/imports/synth_1/top_module.dcp}
INFO: [Vivado 12-5825] Read reference checkpoint from C:/Users/jasmi/ECE327 project 3/ECE327 project 3.srcs/utils_1/imports/synth_1/top_module.dcp for incremental synthesis
INFO: [Vivado 12-7989] Please ensure there are no constraint changes
Command: synth_design -top top_module -part xc7k70tfbv676-1
Starting synth_design
Attempting to get a license for feature 'Synthesis' and/or device 'xc7k70t'
INFO: [Common 17-349] Got license for feature 'Synthesis' and/or device 'xc7k70t'
INFO: [Designutils 20-5440] No compile time benefit to using incremental synthesis; A full resynthesis will be run
INFO: [Designutils 20-4379] Flow is switching to default flow due to incremental criteria not met. If you would like to alter this behaviour and have the flow terminate instead, please set the following parameter config_implementation {autoIncr.Synth.RejectBehavior Terminate}
INFO: [Synth 8-7079] Multithreading enabled for synth_design using a maximum of 2 processes.
INFO: [Synth 8-7078] Launching helper process for spawning children vivado processes
INFO: [Synth 8-7075] Helper process launched with PID 10128
---------------------------------------------------------------------------------
Starting Synthesize : Time (s): cpu = 00:00:02 ; elapsed = 00:00:06 . Memory (MB): peak = 925.352 ; gain = 441.844
---------------------------------------------------------------------------------
WARNING: [Synth 8-2135] illegal format specifier p for monitor [C:/Users/jasmi/ECE327 project 3/ECE327 project 3.srcs/sources_1/new/top_module.v:48]
WARNING: [Synth 8-2135] illegal format specifier p for display [C:/Users/jasmi/ECE327 project 3/ECE327 project 3.srcs/sources_1/new/top_module.v:62]
WARNING: [Synth 8-2135] illegal format specifier p for display [C:/Users/jasmi/ECE327 project 3/ECE327 project 3.srcs/sources_1/new/top_module.v:68]
WARNING: [Synth 8-2135] illegal format specifier p for display [C:/Users/jasmi/ECE327 project 3/ECE327 project 3.srcs/sources_1/new/top_module.v:74]
INFO: [Synth 8-6157] synthesizing module 'top_module' [C:/Users/jasmi/ECE327 project 3/ECE327 project 3.srcs/sources_1/new/top_module.v:3]
WARNING: [Synth 8-11581] system task call 'monitor' not supported [C:/Users/jasmi/ECE327 project 3/ECE327 project 3.srcs/sources_1/new/top_module.v:48]
WARNING: [Synth 8-6896] wait statement is inside initial block, initial block items will be ignored [C:/Users/jasmi/ECE327 project 3/ECE327 project 3.srcs/sources_1/new/top_module.v:61]
INFO: [Synth 8-6157] synthesizing module 'sorting_engine' [C:/Users/jasmi/ECE327 project 3/ECE327 project 3.srcs/sources_1/new/sorting_engine.v:23]
	Parameter ARRAY_LENGTH bound to: 10 - type: integer 
	Parameter DATA_WIDTH bound to: 8 - type: integer 
INFO: [Synth 8-6155] done synthesizing module 'sorting_engine' (0#1) [C:/Users/jasmi/ECE327 project 3/ECE327 project 3.srcs/sources_1/new/sorting_engine.v:23]
INFO: [Synth 8-6157] synthesizing module 'sorting_engine__parameterized0' [C:/Users/jasmi/ECE327 project 3/ECE327 project 3.srcs/sources_1/new/sorting_engine.v:23]
	Parameter ARRAY_LENGTH bound to: 15 - type: integer 
	Parameter DATA_WIDTH bound to: 3 - type: integer 
INFO: [Synth 8-6155] done synthesizing module 'sorting_engine__parameterized0' (0#1) [C:/Users/jasmi/ECE327 project 3/ECE327 project 3.srcs/sources_1/new/sorting_engine.v:23]
WARNING: [Synth 8-85] always block has no event control specified [C:/Users/jasmi/ECE327 project 3/ECE327 project 3.srcs/sources_1/new/top_module.v:44]
INFO: [Synth 8-6155] done synthesizing module 'top_module' (0#1) [C:/Users/jasmi/ECE327 project 3/ECE327 project 3.srcs/sources_1/new/top_module.v:3]
WARNING: [Synth 8-6014] Unused sequential element temp_reg was removed.  [C:/Users/jasmi/ECE327 project 3/ECE327 project 3.srcs/sources_1/new/sorting_engine.v:60]
WARNING: [Synth 8-4767] Trying to implement RAM ' ' in registers. Block RAM or DRAM implementation is not possible; see log for reasons.
	1: RAM's read address port stuck at constant. 
	2: Unable to determine number of words or word size in RAM. 
	3: No valid read/write found for RAM. 
RAM dissolved into registers
WARNING: [Synth 8-4767] Trying to implement RAM ' ' in registers. Block RAM or DRAM implementation is not possible; see log for reasons.
	1: RAM's read address port stuck at constant. 
	2: Unable to determine number of words or word size in RAM. 
	3: No valid read/write found for RAM. 
RAM dissolved into registers
WARNING: [Synth 8-4767] Trying to implement RAM ' ' in registers. Block RAM or DRAM implementation is not possible; see log for reasons.
	1: RAM's read address port stuck at constant. 
	2: Unable to determine number of words or word size in RAM. 
	3: No valid read/write found for RAM. 
RAM dissolved into registers
WARNING: [Synth 8-4767] Trying to implement RAM ' ' in registers. Block RAM or DRAM implementation is not possible; see log for reasons.
	1: RAM's read address port stuck at constant. 
	2: Unable to determine number of words or word size in RAM. 
	3: No valid read/write found for RAM. 
RAM dissolved into registers
WARNING: [Synth 8-4767] Trying to implement RAM ' ' in registers. Block RAM or DRAM implementation is not possible; see log for reasons.
	1: RAM's read address port stuck at constant. 
	2: Unable to determine number of words or word size in RAM. 
	3: No valid read/write found for RAM. 
RAM dissolved into registers
WARNING: [Synth 8-4767] Trying to implement RAM ' ' in registers. Block RAM or DRAM implementation is not possible; see log for reasons.
	1: Write port has constant address. 
	2: Unable to determine number of words or word size in RAM. 
	3: No valid read/write found for RAM. 
RAM dissolved into registers
WARNING: [Synth 8-4767] Trying to implement RAM ' ' in registers. Block RAM or DRAM implementation is not possible; see log for reasons.
	1: RAM's read address port stuck at constant. 
	2: Unable to determine number of words or word size in RAM. 
	3: No valid read/write found for RAM. 
RAM dissolved into registers
WARNING: [Synth 8-4767] Trying to implement RAM ' ' in registers. Block RAM or DRAM implementation is not possible; see log for reasons.
	1: Write port has constant address. 
	2: Unable to determine number of words or word size in RAM. 
	3: No valid read/write found for RAM. 
RAM dissolved into registers
WARNING: [Synth 8-4767] Trying to implement RAM ' ' in registers. Block RAM or DRAM implementation is not possible; see log for reasons.
	1: RAM's read address port stuck at constant. 
	2: Unable to determine number of words or word size in RAM. 
	3: No valid read/write found for RAM. 
RAM dissolved into registers
WARNING: [Synth 8-4767] Trying to implement RAM ' ' in registers. Block RAM or DRAM implementation is not possible; see log for reasons.
	1: Write port has constant address. 
	2: Unable to determine number of words or word size in RAM. 
	3: No valid read/write found for RAM. 
RAM dissolved into registers
WARNING: [Synth 8-4767] Trying to implement RAM ' ' in registers. Block RAM or DRAM implementation is not possible; see log for reasons.
	1: RAM's read address port stuck at constant. 
	2: Unable to determine number of words or word size in RAM. 
	3: No valid read/write found for RAM. 
RAM dissolved into registers
WARNING: [Synth 8-4767] Trying to implement RAM ' ' in registers. Block RAM or DRAM implementation is not possible; see log for reasons.
	1: Write port has constant address. 
	2: Unable to determine number of words or word size in RAM. 
	3: No valid read/write found for RAM. 
RAM dissolved into registers
WARNING: [Synth 8-4767] Trying to implement RAM ' ' in registers. Block RAM or DRAM implementation is not possible; see log for reasons.
	1: Write port has constant address. 
	2: Unable to determine number of words or word size in RAM. 
	3: No valid read/write found for RAM. 
RAM dissolved into registers
WARNING: [Synth 8-4767] Trying to implement RAM ' ' in registers. Block RAM or DRAM implementation is not possible; see log for reasons.
	1: Write port has constant address. 
	2: Unable to determine number of words or word size in RAM. 
	3: No valid read/write found for RAM. 
RAM dissolved into registers
WARNING: [Synth 8-4767] Trying to implement RAM ' ' in registers. Block RAM or DRAM implementation is not possible; see log for reasons.
	1: Write port has constant address. 
	2: Unable to determine number of words or word size in RAM. 
	3: No valid read/write found for RAM. 
RAM dissolved into registers
WARNING: [Synth 8-4767] Trying to implement RAM ' ' in registers. Block RAM or DRAM implementation is not possible; see log for reasons.
	1: Write port has constant address. 
	2: Unable to determine number of words or word size in RAM. 
	3: No valid read/write found for RAM. 
RAM dissolved into registers
WARNING: [Synth 8-4767] Trying to implement RAM ' ' in registers. Block RAM or DRAM implementation is not possible; see log for reasons.
	1: Write port has constant address. 
	2: Unable to determine number of words or word size in RAM. 
	3: No valid read/write found for RAM. 
