Time resolution is 1 ps
                   0 Array in = 80'b00000000000000000000000000000000000000000000000000000000000000000000000000000000, Valid_in = 0, Valid_out = 0, Array_out = 80'bxxxxxxxxxxxxxxxxxxxxxxxxxxxxxxxxxxxxxxxxxxxxxxxxxxxxxxxxxxxxxxxxxxxxxxxxxxxxxxxx
                  20 Array in = 80'b00000101000000100000011100000001000010010000001100000110000001000000000000001000, Valid_in = 0, Valid_out = 0, Array_out = 80'bxxxxxxxxxxxxxxxxxxxxxxxxxxxxxxxxxxxxxxxxxxxxxxxxxxxxxxxxxxxxxxxxxxxxxxxxxxxxxxxx
                  40 Array in = 80'b00000101000000100000011100000001000010010000001100000110000001000000000000001000, Valid_in = 1, Valid_out = 0, Array_out = 80'bxxxxxxxxxxxxxxxxxxxxxxxxxxxxxxxxxxxxxxxxxxxxxxxxxxxxxxxxxxxxxxxxxxxxxxxxxxxxxxxx
counter =  0
sorting_array[0] = 2
sorting_array[1] = 1
sorting_array[2] = 5
sorting_array[3] = 3
sorting_array[4] = 7
sorting_array[5] = 4
sorting_array[6] = 9
sorting_array[7] = 0
sorting_array[8] = 6
sorting_array[9] = 8
counter =  1
sorting_array[0] = 1
sorting_array[1] = 2
sorting_array[2] = 3
sorting_array[3] = 4
sorting_array[4] = 5
sorting_array[5] = 0
sorting_array[6] = 7
sorting_array[7] = 6
sorting_array[8] = 9
sorting_array[9] = 8
counter =  2
sorting_array[0] = 1
sorting_array[1] = 2
sorting_array[2] = 3
sorting_array[3] = 0
sorting_array[4] = 4
sorting_array[5] = 5
sorting_array[6] = 6
sorting_array[7] = 7
sorting_array[8] = 8
sorting_array[9] = 9
counter =  3
sorting_array[0] = 1
sorting_array[1] = 0
sorting_array[2] = 2
sorting_array[3] = 3
sorting_array[4] = 4
sorting_array[5] = 5
sorting_array[6] = 6
sorting_array[7] = 7
sorting_array[8] = 8
sorting_array[9] = 9
counter =  4
sorting_array[0] = 0
sorting_array[1] = 1
sorting_array[2] = 2
sorting_array[3] = 3
sorting_array[4] = 4
sorting_array[5] = 5
sorting_array[6] = 6
sorting_array[7] = 7
sorting_array[8] = 8
sorting_array[9] = 9
                 150 Array in = 80'b00000101000000100000011100000001000010010000001100000110000001000000000000001000, Valid_in = 1, Valid_out = 1, Array_out = 80'b00000000000000010000001000000011000001000000010100000110000001110000100000001001
                 170 Array in = 80'b00001011000011110000000000000100000100110000101100000111000001000000000000001000, Valid_in = 0, Valid_out = 0, Array_out = 80'b00000000000000010000001000000011000001000000010100000110000001110000100000001001
counter =  0
sorting_array[0] = 11
sorting_array[1] = 0
sorting_array[2] = 15
sorting_array[3] = 4
sorting_array[4] = 11
sorting_array[5] = 4
sorting_array[6] = 19
sorting_array[7] = 0
sorting_array[8] = 7
sorting_array[9] = 8
                 190 Array in = 80'b00001011000011110000000000000100000100110000101100000111000001000000000000001000, Valid_in = 1, Valid_out = 0, Array_out = 80'b00000000000000010000001000000011000001000000010100000110000001110000100000001001
counter =  1
sorting_array[0] = 0
sorting_array[1] = 4
sorting_array[2] = 11
sorting_array[3] = 4
sorting_array[4] = 15
sorting_array[5] = 0
sorting_array[6] = 11
sorting_array[7] = 7
sorting_array[8] = 19
sorting_array[9] = 8
counter =  2
sorting_array[0] = 0
sorting_array[1] = 4
sorting_array[2] = 4
sorting_array[3] = 0
sorting_array[4] = 11
sorting_array[5] = 7
sorting_array[6] = 15
sorting_array[7] = 8
sorting_array[8] = 11
sorting_array[9] = 19
counter =  3
sorting_array[0] = 0
sorting_array[1] = 0
sorting_array[2] = 4
sorting_array[3] = 4
sorting_array[4] = 7
sorting_array[5] = 8
sorting_array[6] = 11
sorting_array[7] = 11
sorting_array[8] = 15
sorting_array[9] = 19
counter =  4
sorting_array[0] = 0
sorting_array[1] = 0
sorting_array[2] = 4
sorting_array[3] = 4
sorting_array[4] = 7
sorting_array[5] = 8
sorting_array[6] = 11
sorting_array[7] = 11
sorting_array[8] = 15
sorting_array[9] = 19
                 290 Array in = 80'b00001011000011110000000000000100000100110000101100000111000001000000000000001000, Valid_in = 1, Valid_out = 1, Array_out = 80'b00000000000000000000010000000100000001110000100000001011000010110000111100010011
counter =  0
sorting_array[0] = 1
sorting_array[1] = 0
sorting_array[2] = 5
sorting_array[3] = 2
sorting_array[4] = 3
sorting_array[5] = 4
sorting_array[6] = 7
sorting_array[7] = 1
sorting_array[8] = 6
sorting_array[9] = 2
sorting_array[10] = 3
sorting_array[11] = 0
sorting_array[12] = 7
sorting_array[13] = 5
sorting_array[14] = 6
counter =  1
sorting_array[0] = 0
sorting_array[1] = 1
sorting_array[2] = 2
sorting_array[3] = 3
sorting_array[4] = 5
sorting_array[5] = 1
sorting_array[6] = 4
sorting_array[7] = 2
sorting_array[8] = 7
sorting_array[9] = 0
sorting_array[10] = 6
sorting_array[11] = 3
sorting_array[12] = 5
sorting_array[13] = 6
sorting_array[14] = 7
counter =  2
sorting_array[0] = 0
sorting_array[1] = 1
sorting_array[2] = 2
sorting_array[3] = 1
sorting_array[4] = 3
sorting_array[5] = 2
sorting_array[6] = 5
sorting_array[7] = 0
sorting_array[8] = 4
sorting_array[9] = 3
sorting_array[10] = 7
sorting_array[11] = 5
sorting_array[12] = 6
sorting_array[13] = 6
sorting_array[14] = 7
counter =  3
sorting_array[0] = 0
sorting_array[1] = 1
sorting_array[2] = 1
sorting_array[3] = 2
sorting_array[4] = 2
sorting_array[5] = 0
sorting_array[6] = 3
sorting_array[7] = 3
sorting_array[8] = 5
sorting_array[9] = 4
sorting_array[10] = 5
sorting_array[11] = 6
sorting_array[12] = 7
sorting_array[13] = 6
sorting_array[14] = 7
counter =  4
sorting_array[0] = 0
sorting_array[1] = 1
sorting_array[2] = 1
sorting_array[3] = 0
sorting_array[4] = 2
sorting_array[5] = 2
sorting_array[6] = 3
sorting_array[7] = 3
sorting_array[8] = 4
sorting_array[9] = 5
sorting_array[10] = 5
sorting_array[11] = 6
sorting_array[12] = 6
sorting_array[13] = 7
sorting_array[14] = 7
counter =  5
sorting_array[0] = 0
sorting_array[1] = 0
sorting_array[2] = 1
sorting_array[3] = 1
sorting_array[4] = 2
sorting_array[5] = 2
sorting_array[6] = 3
sorting_array[7] = 3
sorting_array[8] = 4
sorting_array[9] = 5
sorting_array[10] = 5
sorting_array[11] = 6
sorting_array[12] = 6
sorting_array[13] = 7
sorting_array[14] = 7
counter =  6
sorting_array[0] = 0
sorting_array[1] = 0
sorting_array[2] = 1
sorting_array[3] = 1
sorting_array[4] = 2
sorting_array[5] = 2
sorting_array[6] = 3
sorting_array[7] = 3
sorting_array[8] = 4
sorting_array[9] = 5
sorting_array[10] = 5
sorting_array[11] = 6
sorting_array[12] = 6
sorting_array[13] = 7
sorting_array[14] = 7
counter =  0
sorting_array[0] = 318
sorting_array[1] = 241
sorting_array[2] = 672
sorting_array[3] = 459
sorting_array[4] = 871
sorting_array[5] = 8
sorting_array[6] = 899
sorting_array[7] = 310
sorting_array[8] = 724
sorting_array[9] = 185
sorting_array[10] = 491
sorting_array[11] = 133
sorting_array[12] = 1013
sorting_array[13] = 346
sorting_array[14] = 519
sorting_array[15] = 208
sorting_array[16] = 777
sorting_array[17] = 641
sorting_array[18] = 963
sorting_array[19] = 684
sorting_array[20] = 799
sorting_array[21] = 362
sorting_array[22] = 945
sorting_array[23] = 162
sorting_array[24] = 602
sorting_array[25] = 485
sorting_array[26] = 526
sorting_array[27] = 47
sorting_array[28] = 920
sorting_array[29] = 854
counter =  1
sorting_array[0] = 241
sorting_array[1] = 318
sorting_array[2] = 459
sorting_array[3] = 8
sorting_array[4] = 672
sorting_array[5] = 310
sorting_array[6] = 871
sorting_array[7] = 185
sorting_array[8] = 899
sorting_array[9] = 133
sorting_array[10] = 724
sorting_array[11] = 346
sorting_array[12] = 491
sorting_array[13] = 208
sorting_array[14] = 1013
sorting_array[15] = 519
sorting_array[16] = 641
sorting_array[17] = 684
sorting_array[18] = 777
sorting_array[19] = 362
sorting_array[20] = 963
sorting_array[21] = 162
sorting_array[22] = 799
sorting_array[23] = 485
sorting_array[24] = 945
sorting_array[25] = 47
sorting_array[26] = 602
sorting_array[27] = 526
sorting_array[28] = 854
sorting_array[29] = 920
counter =  2
sorting_array[0] = 241
sorting_array[1] = 8
sorting_array[2] = 318
sorting_array[3] = 310
sorting_array[4] = 459
sorting_array[5] = 185
sorting_array[6] = 672
sorting_array[7] = 133
sorting_array[8] = 871
sorting_array[9] = 346
sorting_array[10] = 899
sorting_array[11] = 208
sorting_array[12] = 724
sorting_array[13] = 491
sorting_array[14] = 519
sorting_array[15] = 641
sorting_array[16] = 1013
sorting_array[17] = 362
sorting_array[18] = 684
sorting_array[19] = 162
sorting_array[20] = 777
sorting_array[21] = 485
sorting_array[22] = 963
sorting_array[23] = 47
sorting_array[24] = 799
sorting_array[25] = 526
sorting_array[26] = 945
sorting_array[27] = 602
sorting_array[28] = 854
sorting_array[29] = 920
counter =  3
sorting_array[0] = 8
sorting_array[1] = 241
sorting_array[2] = 310
sorting_array[3] = 185
sorting_array[4] = 318
sorting_array[5] = 133
sorting_array[6] = 459
sorting_array[7] = 346
sorting_array[8] = 672
sorting_array[9] = 208
sorting_array[10] = 871
sorting_array[11] = 491
sorting_array[12] = 899
sorting_array[13] = 519
sorting_array[14] = 724
sorting_array[15] = 362
sorting_array[16] = 641
sorting_array[17] = 162
sorting_array[18] = 1013
sorting_array[19] = 485
sorting_array[20] = 684
sorting_array[21] = 47
sorting_array[22] = 777
sorting_array[23] = 526
sorting_array[24] = 963
sorting_array[25] = 602
sorting_array[26] = 799
sorting_array[27] = 854
sorting_array[28] = 945
sorting_array[29] = 920
counter =  4
sorting_array[0] = 8
sorting_array[1] = 185
sorting_array[2] = 241
sorting_array[3] = 133
sorting_array[4] = 310
sorting_array[5] = 318
sorting_array[6] = 346
sorting_array[7] = 208
sorting_array[8] = 459
sorting_array[9] = 491
sorting_array[10] = 672
sorting_array[11] = 519
sorting_array[12] = 871
sorting_array[13] = 362
sorting_array[14] = 899
sorting_array[15] = 162
sorting_array[16] = 724
sorting_array[17] = 485
sorting_array[18] = 641
sorting_array[19] = 47
sorting_array[20] = 1013
sorting_array[21] = 526
sorting_array[22] = 684
sorting_array[23] = 602
sorting_array[24] = 777
sorting_array[25] = 799
sorting_array[26] = 963
sorting_array[27] = 854
sorting_array[28] = 920
sorting_array[29] = 945
counter =  5
sorting_array[0] = 8
sorting_array[1] = 133
sorting_array[2] = 185
sorting_array[3] = 241
sorting_array[4] = 310
sorting_array[5] = 208
sorting_array[6] = 318
sorting_array[7] = 346
sorting_array[8] = 459
sorting_array[9] = 491
sorting_array[10] = 519
sorting_array[11] = 362
sorting_array[12] = 672
sorting_array[13] = 162
sorting_array[14] = 871
sorting_array[15] = 485
sorting_array[16] = 899
sorting_array[17] = 47
sorting_array[18] = 724
sorting_array[19] = 526
sorting_array[20] = 641
sorting_array[21] = 602
sorting_array[22] = 1013
sorting_array[23] = 684
sorting_array[24] = 777
sorting_array[25] = 799
sorting_array[26] = 854
sorting_array[27] = 920
sorting_array[28] = 963
sorting_array[29] = 945
counter =  6
sorting_array[0] = 8
sorting_array[1] = 133
sorting_array[2] = 185
sorting_array[3] = 208
sorting_array[4] = 241
sorting_array[5] = 310
sorting_array[6] = 318
sorting_array[7] = 346
sorting_array[8] = 459
sorting_array[9] = 362
sorting_array[10] = 491
sorting_array[11] = 162
sorting_array[12] = 519
sorting_array[13] = 485
sorting_array[14] = 672
sorting_array[15] = 47
sorting_array[16] = 871
sorting_array[17] = 526
sorting_array[18] = 899
sorting_array[19] = 602
sorting_array[20] = 724
sorting_array[21] = 641
sorting_array[22] = 684
sorting_array[23] = 777
sorting_array[24] = 1013
sorting_array[25] = 799
sorting_array[26] = 854
sorting_array[27] = 920
sorting_array[28] = 945
sorting_array[29] = 963
counter =  7
sorting_array[0] = 8
sorting_array[1] = 133
sorting_array[2] = 185
sorting_array[3] = 208
sorting_array[4] = 241
sorting_array[5] = 310
sorting_array[6] = 318
sorting_array[7] = 346
sorting_array[8] = 362
sorting_array[9] = 162
sorting_array[10] = 459
sorting_array[11] = 485
sorting_array[12] = 491
sorting_array[13] = 47
sorting_array[14] = 519
sorting_array[15] = 526
sorting_array[16] = 672
sorting_array[17] = 602
sorting_array[18] = 871
sorting_array[19] = 641
sorting_array[20] = 899
sorting_array[21] = 684
sorting_array[22] = 724
sorting_array[23] = 777
sorting_array[24] = 799
sorting_array[25] = 854
sorting_array[26] = 1013
sorting_array[27] = 920
sorting_array[28] = 945
sorting_array[29] = 963
counter =  8
sorting_array[0] = 8
sorting_array[1] = 133
sorting_array[2] = 185
sorting_array[3] = 208
sorting_array[4] = 241
sorting_array[5] = 310
sorting_array[6] = 318
sorting_array[7] = 162
sorting_array[8] = 346
sorting_array[9] = 362
sorting_array[10] = 459
sorting_array[11] = 47
sorting_array[12] = 485
sorting_array[13] = 491
sorting_array[14] = 519
sorting_array[15] = 526
sorting_array[16] = 602
sorting_array[17] = 641
sorting_array[18] = 672
sorting_array[19] = 684
sorting_array[20] = 871
sorting_array[21] = 724
sorting_array[22] = 899
sorting_array[23] = 777
sorting_array[24] = 799
sorting_array[25] = 854
sorting_array[26] = 920
sorting_array[27] = 945
sorting_array[28] = 1013
sorting_array[29] = 963
counter =  9
sorting_array[0] = 8
sorting_array[1] = 133
sorting_array[2] = 185
sorting_array[3] = 208
sorting_array[4] = 241
sorting_array[5] = 162
sorting_array[6] = 310
sorting_array[7] = 318
sorting_array[8] = 346
sorting_array[9] = 47
sorting_array[10] = 362
sorting_array[11] = 459
sorting_array[12] = 485
sorting_array[13] = 491
sorting_array[14] = 519
sorting_array[15] = 526
sorting_array[16] = 602
sorting_array[17] = 641
sorting_array[18] = 672
sorting_array[19] = 684
sorting_array[20] = 724
sorting_array[21] = 777
sorting_array[22] = 871
sorting_array[23] = 799
sorting_array[24] = 899
sorting_array[25] = 854
sorting_array[26] = 920
sorting_array[27] = 945
sorting_array[28] = 963
sorting_array[29] = 1013
counter = 10
sorting_array[0] = 8
sorting_array[1] = 133
sorting_array[2] = 185
sorting_array[3] = 162
sorting_array[4] = 208
sorting_array[5] = 241
sorting_array[6] = 310
sorting_array[7] = 47
sorting_array[8] = 318
sorting_array[9] = 346
sorting_array[10] = 362
sorting_array[11] = 459
sorting_array[12] = 485
sorting_array[13] = 491
sorting_array[14] = 519
sorting_array[15] = 526
sorting_array[16] = 602
sorting_array[17] = 641
sorting_array[18] = 672
sorting_array[19] = 684
sorting_array[20] = 724
sorting_array[21] = 777
sorting_array[22] = 799
sorting_array[23] = 854
sorting_array[24] = 871
sorting_array[25] = 899
sorting_array[26] = 920
sorting_array[27] = 945
sorting_array[28] = 963
sorting_array[29] = 1013
counter = 11
sorting_array[0] = 8
sorting_array[1] = 133
sorting_array[2] = 162
sorting_array[3] = 185
sorting_array[4] = 208
sorting_array[5] = 47
sorting_array[6] = 241
sorting_array[7] = 310
sorting_array[8] = 318
sorting_array[9] = 346
sorting_array[10] = 362
sorting_array[11] = 459
sorting_array[12] = 485
sorting_array[13] = 491
sorting_array[14] = 519
sorting_array[15] = 526
sorting_array[16] = 602
sorting_array[17] = 641
sorting_array[18] = 672
sorting_array[19] = 684
sorting_array[20] = 724
sorting_array[21] = 777
sorting_array[22] = 799
sorting_array[23] = 854
sorting_array[24] = 871
sorting_array[25] = 899
sorting_array[26] = 920
sorting_array[27] = 945
sorting_array[28] = 963
sorting_array[29] = 1013
counter = 12
sorting_array[0] = 8
sorting_array[1] = 133
sorting_array[2] = 162
sorting_array[3] = 47
sorting_array[4] = 185
sorting_array[5] = 208
sorting_array[6] = 241
sorting_array[7] = 310
sorting_array[8] = 318
sorting_array[9] = 346
sorting_array[10] = 362
sorting_array[11] = 459
sorting_array[12] = 485
sorting_array[13] = 491
sorting_array[14] = 519
sorting_array[15] = 526
sorting_array[16] = 602
sorting_array[17] = 641
sorting_array[18] = 672
sorting_array[19] = 684
sorting_array[20] = 724
sorting_array[21] = 777
sorting_array[22] = 799
sorting_array[23] = 854
sorting_array[24] = 871
sorting_array[25] = 899
sorting_array[26] = 920
sorting_array[27] = 945
sorting_array[28] = 963
sorting_array[29] = 1013
counter = 13
sorting_array[0] = 8
sorting_array[1] = 47
sorting_array[2] = 133
sorting_array[3] = 162
sorting_array[4] = 185
sorting_array[5] = 208
sorting_array[6] = 241
sorting_array[7] = 310
sorting_array[8] = 318
sorting_array[9] = 346
sorting_array[10] = 362
sorting_array[11] = 459
sorting_array[12] = 485
sorting_array[13] = 491
sorting_array[14] = 519
sorting_array[15] = 526
sorting_array[16] = 602
sorting_array[17] = 641
sorting_array[18] = 672
sorting_array[19] = 684
sorting_array[20] = 724
sorting_array[21] = 777
sorting_array[22] = 799
sorting_array[23] = 854
sorting_array[24] = 871
sorting_array[25] = 899
sorting_array[26] = 920
sorting_array[27] = 945
sorting_array[28] = 963
sorting_array[29] = 1013
counter = 14
sorting_array[0] = 8
sorting_array[1] = 47
sorting_array[2] = 133
sorting_array[3] = 162
sorting_array[4] = 185
sorting_array[5] = 208
sorting_array[6] = 241
sorting_array[7] = 310
sorting_array[8] = 318
sorting_array[9] = 346
sorting_array[10] = 362
sorting_array[11] = 459
sorting_array[12] = 485
sorting_array[13] = 491
sorting_array[14] = 519
sorting_array[15] = 526
sorting_array[16] = 602
sorting_array[17] = 641
sorting_array[18] = 672
sorting_array[19] = 684
sorting_array[20] = 724
sorting_array[21] = 777
sorting_array[22] = 799
sorting_array[23] = 854
sorting_array[24] = 871
sorting_array[25] = 899
sorting_array[26] = 920
sorting_array[27] = 945
sorting_array[28] = 963
sorting_array[29] = 1013
$finish called at time : 820 ns : File "C:/Users/jasmi/ECE327 project 3/ECE327 project 3.srcs/sources_1/new/top_module.v" Line 93
